Making directory: /n/holyscratch01/desai_lab/mjohnson/PLT/demult_reads/LT/Stanford_hap_LT/
Making directory: /n/holyscratch01/desai_lab/mjohnson/PLT/demult_reads/LT/Stanford_hap_LT/read_files/
669761040 total reads
02M_NaCl_alpha-R1-Time0 6386397
02M_NaCl_alpha-R1-Time8 7626917
02M_NaCl_alpha-R1-Time72 6644393
02M_NaCl_alpha-R1-Time88 9340144
02M_NaCl_alpha-R1-Time104 9180249
02M_NaCl_alpha-R1-Time120 7628566
02M_NaCl_alpha-R1-Time136 8181846
02M_NaCl_alpha-R1-Time160 6521326
02M_NaCl_alpha-R1-Time192 4164010
02M_NaCl_alpha-R1-Time240 5294662
08M_NaCl_alpha-R1-Time0 6525749
08M_NaCl_alpha-R1-Time8 6490919
08M_NaCl_alpha-R1-Time72 5115392
08M_NaCl_alpha-R1-Time88 5588218
08M_NaCl_alpha-R1-Time104 15566096
08M_NaCl_alpha-R1-Time120 9458165
08M_NaCl_alpha-R1-Time136 5681822
08M_NaCl_alpha-R1-Time160 7388145
08M_NaCl_alpha-R1-Time192 6929118
08M_NaCl_alpha-R1-Time240 5008862
21C_alpha-R1-Time0 4005350
21C_alpha-R1-Time8 4131761
21C_alpha-R1-Time72 4888620
21C_alpha-R1-Time88 2596463
21C_alpha-R1-Time104 2429004
21C_alpha-R1-Time120 8100316
21C_alpha-R1-Time136 3971785
21C_alpha-R1-Time160 4679019
21C_alpha-R1-Time192 4100643
21C_alpha-R1-Time240 5491313
CLM_alpha-R1-Time0 8832857
CLM_alpha-R1-Time8 5841091
CLM_alpha-R1-Time72 27741
CLM_alpha-R1-Time88 3869915
CLM_alpha-R1-Time104 3312680
CLM_alpha-R1-Time120 563535
CLM_alpha-R1-Time136 5468688
CLM_alpha-R1-Time160 5838273
CLM_alpha-R1-Time192 6000911
CLM_alpha-R1-Time240 10574128
FLC32_alpha-R1-Time0 6062214
FLC32_alpha-R1-Time8 8996099
FLC32_alpha-R1-Time72 2462930
FLC32_alpha-R1-Time88 288640
FLC32_alpha-R1-Time104 12340759
FLC32_alpha-R1-Time120 89362
FLC32_alpha-R1-Time136 789546
FLC32_alpha-R1-Time160 52693
FLC32_alpha-R1-Time192 412634
FLC32_alpha-R1-Time240 182915
FLC4_alpha-R1-Time0 18923131
FLC4_alpha-R1-Time8 7887813
FLC4_alpha-R1-Time72 4322012
FLC4_alpha-R1-Time88 6368723
FLC4_alpha-R1-Time104 7775670
FLC4_alpha-R1-Time120 8101521
FLC4_alpha-R1-Time136 5936042
FLC4_alpha-R1-Time160 826707
FLC4_alpha-R1-Time192 6561396
FLC4_alpha-R1-Time240 8479686
GlyEtOH_alpha-R1-Time0 13055316
GlyEtOH_alpha-R1-Time8 3476623
GlyEtOH_alpha-R1-Time72 9259440
GlyEtOH_alpha-R1-Time88 9012366
GlyEtOH_alpha-R1-Time104 6986416
GlyEtOH_alpha-R1-Time120 6017070
GlyEtOH_alpha-R1-Time136 7404837
GlyEtOH_alpha-R1-Time160 5192306
GlyEtOH_alpha-R1-Time192 4679742
GlyEtOH_alpha-R1-Time240 2569970
M3_alpha-R1-Time0 3969291
M3_alpha-R1-Time8 7270882
M3_alpha-R1-Time72 4943346
M3_alpha-R1-Time88 3834522
M3_alpha-R1-Time104 3961560
M3_alpha-R1-Time120 4144643
M3_alpha-R1-Time136 3792779
M3_alpha-R1-Time160 4779597
M3_alpha-R1-Time192 5118437
M3_alpha-R1-Time240 5488513
not demultiplexed 208497802
Time: 84857.74868106842
