Making directory: /n/holyscratch01/desai_lab/mjohnson/PLT/demult_reads/LT/Stanford_mid_LT/
Making directory: /n/holyscratch01/desai_lab/mjohnson/PLT/demult_reads/LT/Stanford_mid_LT/read_files/
216805490 total reads
08M_NaCl_2N-R1-Time0 4146547
08M_NaCl_2N-R1-Time8 3700924
08M_NaCl_2N-R1-Time16 5909676
08M_NaCl_2N-R1-Time24 4835415
08M_NaCl_2N-R1-Time32 5356015
08M_NaCl_2N-R1-Time40 5160031
08M_NaCl_2N-R1-Time48 13071322
08M_NaCl_2N-R1-Time56 6445904
08M_NaCl_2N-R1-Time64 5429065
CLM_2N-R1-Time0 6024369
CLM_2N-R1-Time8 3523964
CLM_2N-R1-Time16 8461815
CLM_2N-R1-Time32 1620579
CLM_2N-R1-Time40 2379837
GlyEtOH_2N-R1-Time0 3423318
GlyEtOH_2N-R1-Time64 4746506
GlyEtOH_2N-R1-Time72 4389901
GlyEtOH_2N-R1-Time80 5094704
GlyEtOH_2N-R1-Time88 4878988
GlyEtOH_2N-R1-Time96 4697943
GlyEtOH_2N-R1-Time104 4005786
GlyEtOH_2N-R1-Time112 3058337
GlyEtOH_2N-R1-Time120 4008147
GlyEtOH_2N-R1-Time128 1363560
GlyEtOH_2N-R1-Time136 2504896
GlyEtOH_2N-R1-Time152 3443027
GlyEtOH_2N-R1-Time168 1221750
GlyEtOH_2N-R1-Time184 80340
GlyEtOH_2N-R1-Time200 429470
GlyEtOH_2N-R1-Time216 199095
GlyEtOH_2N-R1-Time240 164116
not demultiplexed 93030143
Time: 26554.8232049942
