670667371 total reads
37C_2N-R1-Time8 6459970
37C_2N-R1-Time80 6903980
37C_2N-R1-Time120 5175149
37C_2N-R1-Time160 7535671
37C_2N-R1-Time200 4745810
37C_2N-R1-Time240 7376796
37C_2N-R1-Time280 7616969
37C_2N-R1-Time320 7514700
37C_2N-R2-Time8 7668743
37C_2N-R2-Time80 7283545
37C_2N-R2-Time120 7433141
37C_2N-R2-Time160 6751797
37C_2N-R2-Time200 7409267
37C_2N-R2-Time240 4928307
37C_2N-R2-Time280 5269907
37C_2N-R2-Time320 652765
48Hr_2N-R1-Time8 39401
48Hr_2N-R1-Time80 23108
48Hr_2N-R1-Time120 5148747
48Hr_2N-R1-Time160 3014996
48Hr_2N-R1-Time200 6908424
48Hr_2N-R1-Time240 22890
48Hr_2N-R1-Time280 7223934
48Hr_2N-R1-Time320 6629387
48Hr_2N-R2-Time8 5695
48Hr_2N-R2-Time80 30914
48Hr_2N-R2-Time120 4161938
48Hr_2N-R2-Time160 16857
48Hr_2N-R2-Time200 4351133
48Hr_2N-R2-Time240 3697408
48Hr_2N-R2-Time280 2800528
48Hr_2N-R2-Time320 5250403
pH3_8_2N-R1-Time8 11804
pH3_8_2N-R1-Time80 19605
pH3_8_2N-R1-Time120 6958022
pH3_8_2N-R1-Time160 7517095
pH3_8_2N-R1-Time200 9748247
pH3_8_2N-R1-Time240 7520687
pH3_8_2N-R1-Time280 5514739
pH3_8_2N-R1-Time320 1671
pH3_8_2N-R2-Time8 6334157
pH3_8_2N-R2-Time80 1625
pH3_8_2N-R2-Time120 6451141
pH3_8_2N-R2-Time160 7010613
pH3_8_2N-R2-Time200 8236927
pH3_8_2N-R2-Time240 10605
pH3_8_2N-R2-Time280 52373
pH3_8_2N-R2-Time320 5453
pH7_3_2N-R1-Time8 470746
pH7_3_2N-R1-Time80 8462518
pH7_3_2N-R1-Time120 2564665
pH7_3_2N-R1-Time160 4847745
pH7_3_2N-R1-Time200 7406611
pH7_3_2N-R1-Time240 5866987
pH7_3_2N-R1-Time280 6562344
pH7_3_2N-R1-Time320 6385040
pH7_3_2N-R2-Time8 9122310
pH7_3_2N-R2-Time80 8564447
pH7_3_2N-R2-Time120 6856637
pH7_3_2N-R2-Time160 6719511
pH7_3_2N-R2-Time200 6040507
pH7_3_2N-R2-Time240 5254722
pH7_3_2N-R2-Time280 6314663
pH7_3_2N-R2-Time320 5197200
SC_2N-R1-Time8 30899
SC_2N-R1-Time80 91671
SC_2N-R1-Time120 3424438
SC_2N-R1-Time160 18596
SC_2N-R1-Time200 5477438
SC_2N-R1-Time240 7838483
SC_2N-R1-Time280 6484738
SC_2N-R1-Time320 6836083
SC_2N-R2-Time8 10008563
SC_2N-R2-Time80 44741
SC_2N-R2-Time120 42324
SC_2N-R2-Time160 1238
SC_2N-R2-Time200 9274180
SC_2N-R2-Time240 5109869
SC_2N-R2-Time280 6331245
SC_2N-R2-Time320 7464580
YPD_2N-R1-Time8 5301851
YPD_2N-R1-Time80 8084124
YPD_2N-R1-Time120 6699962
YPD_2N-R1-Time160 11449535
YPD_2N-R1-Time200 8394512
YPD_2N-R1-Time240 7344643
YPD_2N-R1-Time280 7033384
YPD_2N-R1-Time320 7536359
YPD_2N-R2-Time8 4171373
YPD_2N-R2-Time80 5167753
YPD_2N-R2-Time120 5407845
YPD_2N-R2-Time160 4682861
YPD_2N-R2-Time200 18486008
YPD_2N-R2-Time240 9280270
YPD_2N-R2-Time280 7640528
YPD_2N-R2-Time320 9836227
not demultiplexed 163587353
Time: 109264.6380083561
