Making directory: /n/holyscratch01/desai_lab/mjohnson/PLT/demult_reads/LT/Stanford_high_LT/
Making directory: /n/holyscratch01/desai_lab/mjohnson/PLT/demult_reads/LT/Stanford_high_LT/read_files/
575198624 total reads
02M_NaCl_2N-R1-Time0 4350108
02M_NaCl_2N-R1-Time8 4168723
02M_NaCl_2N-R1-Time64 6312210
02M_NaCl_2N-R1-Time72 5077138
02M_NaCl_2N-R1-Time80 3709569
02M_NaCl_2N-R1-Time88 3818439
02M_NaCl_2N-R1-Time96 6714220
02M_NaCl_2N-R1-Time104 4616804
02M_NaCl_2N-R1-Time112 6646551
02M_NaCl_2N-R1-Time128 5438267
02M_NaCl_2N-R1-Time144 6538803
02M_NaCl_2N-R1-Time160 9072240
02M_NaCl_2N-R1-Time176 4630210
02M_NaCl_2N-R1-Time192 5772751
02M_NaCl_2N-R1-Time216 21581672
02M_NaCl_2N-R1-Time240 7592059
21C_2N-R1-Time0 6437924
21C_2N-R1-Time8 3166846
21C_2N-R1-Time64 12751452
21C_2N-R1-Time72 4501540
21C_2N-R1-Time80 6608103
21C_2N-R1-Time88 7123752
21C_2N-R1-Time96 8676118
21C_2N-R1-Time104 7752616
21C_2N-R1-Time112 2611866
21C_2N-R1-Time128 2903602
21C_2N-R1-Time144 2442371
21C_2N-R1-Time160 1946460
21C_2N-R1-Time176 4500225
21C_2N-R1-Time192 17329832
21C_2N-R1-Time216 9841356
21C_2N-R1-Time240 2511661
FLC32_2N-R1-Time0 5572579
FLC32_2N-R1-Time8 4207665
FLC32_2N-R1-Time64 2738283
FLC32_2N-R1-Time72 3976762
FLC32_2N-R1-Time80 2992083
FLC32_2N-R1-Time88 3643138
FLC32_2N-R1-Time96 5846329
FLC32_2N-R1-Time104 319137
FLC32_2N-R1-Time112 2184691
FLC32_2N-R1-Time176 93900
FLC32_2N-R1-Time192 4257752
FLC4_2N-R1-Time8 4452197
FLC4_2N-R1-Time64 1807478
FLC4_2N-R1-Time80 823197
FLC4_2N-R1-Time88 619552
FLC4_2N-R1-Time96 819911
FLC4_2N-R1-Time120 5766
FLC4_2N-R1-Time136 4444304
FLC4_2N-R1-Time152 8577685
FLC4_2N-R1-Time176 3887547
FLC4_2N-R1-Time216 4587021
M3_2N-R1-Time0 2783509
M3_2N-R1-Time96 121829
M3_2N-R1-Time104 277822
M3_2N-R1-Time112 306227
M3_2N-R1-Time128 1082289
M3_2N-R1-Time144 442296
M3_2N-R1-Time160 945102
M3_2N-R1-Time216 1196919
not demultiplexed 295040166
Time: 60530.483528614044
