Making directory: /n/holyscratch01/desai_lab/mjohnson/PLT/demult_reads/LT/Stanford_restart_LT/
Making directory: /n/holyscratch01/desai_lab/mjohnson/PLT/demult_reads/LT/Stanford_restart_LT/read_files/
108128604 total reads
02M_NaCl_2N-R1-Time240 4301606
02M_NaCl_2N-R1-Time256 1471502
02M_NaCl_2N-R1-Time272 4728912
02M_NaCl_2N-R1-Time288 2611817
02M_NaCl_2N-R1-Time304 5580418
02M_NaCl_2N-R1-Time320 1788769
02M_NaCl_2N-R1-Time336 937742
02M_NaCl_2N-R1-Time352 4140490
02M_NaCl_2N-R1-Time368 2719044
02M_NaCl_2N-R1-Time384 2172255
02M_NaCl_2N-R1-Time400 1680029
02M_NaCl_2N-R1-Time416 1394144
02M_NaCl_2N-R1-Time440 1466966
21C_2N-R1-Time240 525904
21C_2N-R1-Time256 2058
21C_2N-R1-Time272 5183
21C_2N-R1-Time288 2638
21C_2N-R1-Time304 3144
21C_2N-R1-Time320 1793
21C_2N-R1-Time336 914
21C_2N-R1-Time352 1666456
21C_2N-R1-Time368 1243376
21C_2N-R1-Time384 3406189
21C_2N-R1-Time400 3443500
21C_2N-R1-Time416 3475992
21C_2N-R1-Time440 3126626
not demultiplexed 56231137
Time: 9365.657584190369
