Processing files: ../../LT_data/GlyEtOH_2N_R1/GlyEtOH_2N_R1_bc_counts_clustered.csv
496193 bcs after combining and excluding chimeras.
Processing files: ../../LT_data/GlyEtOH_alpha_R1/GlyEtOH_alpha_R1_bc_counts_clustered.csv
436075 bcs after combining and excluding chimeras.
Processing files: ../../LT_data/02M_NaCl_2N_R1/02M_NaCl_2N_R1_bc_counts_clustered.csv
../../LT_data/02M_NaCl_2N_R1_restart/02M_NaCl_2N_R1_restart_bc_counts_clustered.csv
639607 bcs after combining and excluding chimeras.
Processing files: ../../LT_data/02M_NaCl_alpha_R1/02M_NaCl_alpha_R1_bc_counts_clustered.csv
207047 bcs after combining and excluding chimeras.
Processing files: ../../LT_data/08M_NaCl_2N_R1/08M_NaCl_2N_R1_bc_counts_clustered.csv
438996 bcs after combining and excluding chimeras.
Processing files: ../../LT_data/08M_NaCl_alpha_R1/08M_NaCl_alpha_R1_bc_counts_clustered.csv
179798 bcs after combining and excluding chimeras.
Processing files: ../../LT_data/CLM_2N_R1/CLM_2N_R1_bc_counts_clustered.csv
../../LT_data/CLM_2N_R1_redo/CLM_2N_R1_redo_bc_counts_clustered.csv
193874 bcs after combining and excluding chimeras.
Processing files: ../../LT_data/CLM_alpha_R1/CLM_alpha_R1_bc_counts_clustered.csv
../../LT_data/CLM_alpha_R1_redo/CLM_alpha_R1_redo_bc_counts_clustered.csv
296981 bcs after combining and excluding chimeras.
Processing files: ../../LT_data/FLC4_2N_R1/FLC4_2N_R1_bc_counts_clustered.csv
../../LT_data/FLC4_2N_R1_redo/FLC4_2N_R1_redo_bc_counts_clustered.csv
762202 bcs after combining and excluding chimeras.
Processing files: ../../LT_data/FLC4_alpha_R1/FLC4_alpha_R1_bc_counts_clustered.csv
../../LT_data/FLC4_alpha_R1_redo/FLC4_alpha_R1_redo_bc_counts_clustered.csv
447427 bcs after combining and excluding chimeras.
Processing files: ../../LT_data/FLC32_2N_R1/FLC32_2N_R1_bc_counts_clustered.csv
51375 bcs after combining and excluding chimeras.
Processing files: ../../LT_data/FLC32_alpha_R1/FLC32_alpha_R1_bc_counts_clustered.csv
124138 bcs after combining and excluding chimeras.
Processing files: ../../LT_data/M3_2N_R1/M3_2N_R1_bc_counts_clustered.csv
30010 bcs after combining and excluding chimeras.
Processing files: ../../LT_data/M3_alpha_R1/M3_alpha_R1_bc_counts_clustered.csv
184823 bcs after combining and excluding chimeras.
Processing files: ../../LT_data/21C_2N_R1/21C_2N_R1_bc_counts_clustered.csv
../../LT_data/21C_2N_R1_restart/21C_2N_R1_restart_bc_counts_clustered.csv
664559 bcs after combining and excluding chimeras.
Processing files: ../../LT_data/21C_alpha_R1/21C_alpha_R1_bc_counts_clustered.csv
156927 bcs after combining and excluding chimeras.
Processing files: ../../LT_data/37C_2N_R1/37C_2N_R1_bc_counts_clustered.csv
454461 bcs after combining and excluding chimeras.
Processing files: ../../LT_data/37C_2N_R2/37C_2N_R2_bc_counts_clustered.csv
458747 bcs after combining and excluding chimeras.
Processing files: ../../LT_data/YPD_2N_R1/YPD_2N_R1_bc_counts_clustered.csv
631519 bcs after combining and excluding chimeras.
Processing files: ../../LT_data/YPD_2N_R2/YPD_2N_R2_bc_counts_clustered.csv
589596 bcs after combining and excluding chimeras.
Processing files: ../../LT_data/SC_2N_R1/SC_2N_R1_bc_counts_clustered.csv
426628 bcs after combining and excluding chimeras.
Processing files: ../../LT_data/SC_2N_R2/SC_2N_R2_bc_counts_clustered.csv
485550 bcs after combining and excluding chimeras.
Processing files: ../../LT_data/48Hr_2N_R1/48Hr_2N_R1_bc_counts_clustered.csv
371154 bcs after combining and excluding chimeras.
Processing files: ../../LT_data/48Hr_2N_R2/48Hr_2N_R2_bc_counts_clustered.csv
279883 bcs after combining and excluding chimeras.
Processing files: ../../LT_data/pH7_3_2N_R1/pH7_3_2N_R1_bc_counts_clustered.csv
268992 bcs after combining and excluding chimeras.
Processing files: ../../LT_data/pH7_3_2N_R2/pH7_3_2N_R2_bc_counts_clustered.csv
393543 bcs after combining and excluding chimeras.
Processing files: ../../LT_data/pH3_8_2N_R1/pH3_8_2N_R1_bc_counts_clustered.csv
478323 bcs after combining and excluding chimeras.
Processing files: ../../LT_data/pH3_8_2N_R2/pH3_8_2N_R2_bc_counts_clustered.csv
449481 bcs after combining and excluding chimeras.
