Making main output directory: ../../LT_data/GlyEtOH_2N_R1/
Making stats output directory: ../../LT_data/GlyEtOH_2N_R1/run_statistics/
Read 216805490 reads, 47709884 matched library indices.
making output directory: ../../LT_data/GlyEtOH_2N_R1/run_statistics/GlyEtOH_2N_R1_html_report
Time: 12712.151827335358
Correcting Env BCs...
Made 1075 deletion neighborhoods from 18081 barcodes.
Correcting Div BCs...
Made 480751 deletion neighborhoods from 1092236 barcodes.
Made 773483 total clusters. 9273 failed because the top hit did not match the true bcs.
Writing error correction cluster output to: ../../LT_data/GlyEtOH_2N_R1/GlyEtOH_2N_R1_clusters.csv
Parsing and outputting clusters now

Reading barcode count data file: ../../LT_data/GlyEtOH_2N_R1/GlyEtOH_2N_R1_bc_counts.csv
Read 2269498 rows.

Reading cluster file: ../../LT_data/GlyEtOH_2N_R1/GlyEtOH_2N_R1_clusters.csv

Outputting unclustered barcodes to: ../../LT_data/GlyEtOH_2N_R1/GlyEtOH_2N_R1_unclustered.csv
Wrote 556226 rows, comprising 1851169 reads.

Outputting centroid barcode rows (no errors) to: ../../LT_data/GlyEtOH_2N_R1/GlyEtOH_2N_R1_centroids_only.csv
Wrote 496254 rows.

Outputting clustered lineages to: ../../LT_data/GlyEtOH_2N_R1/GlyEtOH_2N_R1_bc_counts_clustered.csv
Wrote 496254 rows.

Outputting stats on clusters to: ../../LT_data/GlyEtOH_2N_R1/GlyEtOH_2N_R1_cluster_info.csv
Found 867480 clustering events in which the clustered barcode had more than 1.0 % of the total reads of the centroid barcode.
Looked at 2269498 barcodes
Made 496254 clusters from 1713272 bcs, totaling 23476463 reads.
Could not match 556226 bcs, totaling 1851169 reads.
Done, time elapsed: 318.30962657928467
