Making main output directory: ../../LT_data/CLM_alpha_R1/
Making stats output directory: ../../LT_data/CLM_alpha_R1/run_statistics/
Read 669761040 reads, 50329819 matched library indices.
making output directory: ../../LT_data/CLM_alpha_R1/run_statistics/CLM_alpha_R1_html_report
Time: 21381.401933908463
Correcting Env BCs...
Made 995 deletion neighborhoods from 21664 barcodes.
Correcting Div BCs...
Made 361860 deletion neighborhoods from 769501 barcodes.
Made 389474 total clusters. 10381 failed because the top hit did not match the true bcs.
Writing error correction cluster output to: ../../LT_data/CLM_alpha_R1/CLM_alpha_R1_clusters.csv
Parsing and outputting clusters now

Reading barcode count data file: ../../LT_data/CLM_alpha_R1/CLM_alpha_R1_bc_counts.csv
Read 1437027 rows.

Reading cluster file: ../../LT_data/CLM_alpha_R1/CLM_alpha_R1_clusters.csv

Outputting unclustered barcodes to: ../../LT_data/CLM_alpha_R1/CLM_alpha_R1_unclustered.csv
Wrote 479582 rows, comprising 1230643 reads.

Outputting centroid barcode rows (no errors) to: ../../LT_data/CLM_alpha_R1/CLM_alpha_R1_centroids_only.csv
Wrote 218133 rows.

Outputting clustered lineages to: ../../LT_data/CLM_alpha_R1/CLM_alpha_R1_bc_counts_clustered.csv
Wrote 218133 rows.

Outputting stats on clusters to: ../../LT_data/CLM_alpha_R1/CLM_alpha_R1_cluster_info.csv
Found 484333 clustering events in which the clustered barcode had more than 1.0 % of the total reads of the centroid barcode.
Looked at 1437027 barcodes
Made 218133 clusters from 957445 bcs, totaling 31146044 reads.
Could not match 479582 bcs, totaling 1230643 reads.
Done, time elapsed: 131.34324526786804
