Making main output directory: ../../BFA_data/dBFA2_Stanford_2/
Making stats output directory: ../../BFA_data/dBFA2_Stanford_2/run_statistics/
Read 218682820 reads, 85310647 matched library indices.
making output directory: ../../BFA_data/dBFA2_Stanford_2/run_statistics/dBFA2_Stanford_2_html_report
Time: 13135.398200273514
Correcting Env BCs...
Made 4345 deletion neighborhoods from 103614 barcodes.
Correcting Div BCs...
Made 397606 deletion neighborhoods from 1575514 barcodes.
Made 124608 total clusters. 16194 failed because the top hit did not match the true bcs.
Writing error correction cluster output to: ../../BFA_data/dBFA2_Stanford_2/dBFA2_Stanford_2_clusters.csv
Parsing and outputting clusters now

Reading barcode count data file: ../../BFA_data/dBFA2_Stanford_2/dBFA2_Stanford_2_bc_counts.csv
Read 2626325 rows.

Reading cluster file: ../../BFA_data/dBFA2_Stanford_2/dBFA2_Stanford_2_clusters.csv

Outputting unclustered barcodes to: ../../BFA_data/dBFA2_Stanford_2/dBFA2_Stanford_2_unclustered.csv
Wrote 628745 rows, comprising 783358 reads.

Outputting centroid barcode rows (no errors) to: ../../BFA_data/dBFA2_Stanford_2/dBFA2_Stanford_2_centroids_only.csv
Wrote 10780 rows.

Outputting clustered lineages to: ../../BFA_data/dBFA2_Stanford_2/dBFA2_Stanford_2_bc_counts_clustered.csv
Wrote 10780 rows.

Outputting stats on clusters to: ../../BFA_data/dBFA2_Stanford_2/dBFA2_Stanford_2_cluster_info.csv
Found 29389 clustering events in which the clustered barcode had more than 1.0 % of the total reads of the centroid barcode.
Looked at 2626325 barcodes
Made 10780 clusters from 1997580 bcs, totaling 64042278 reads.
Could not match 628745 bcs, totaling 783358 reads.
Done, time elapsed: 287.3565273284912
