Making directory: /n/holyscratch01/desai_lab/mjohnson/PLT/demult_reads/BFAs/dBFA2_s2/
Making directory: /n/holyscratch01/desai_lab/mjohnson/PLT/demult_reads/BFAs/dBFA2_s2/read_files/
218682820 total reads
dBFA2-02M_NaCl-R1-Time8 3325287
dBFA2-02M_NaCl-R1-Time16 4964602
dBFA2-02M_NaCl-R1-Time24 4363449
dBFA2-02M_NaCl-R1-Time32 5034484
dBFA2-02M_NaCl-R1-Time40 5322835
dBFA2-02M_NaCl-R2-Time8 5035118
dBFA2-02M_NaCl-R2-Time16 21732936
dBFA2-02M_NaCl-R2-Time24 3419874
dBFA2-02M_NaCl-R2-Time32 1647553
dBFA2-02M_NaCl-R2-Time40 3947433
dBFA2-02M_NaCl-R3-Time8 1373469
dBFA2-02M_NaCl-R3-Time16 661943
dBFA2-02M_NaCl-R3-Time24 159953
dBFA2-02M_NaCl-R3-Time32 359973
dBFA2-02M_NaCl-R3-Time40 449288
dBFA2-37C_Stan-R1-Time8 757474
dBFA2-37C_Stan-R1-Time16 221321
dBFA2-37C_Stan-R1-Time24 53453
dBFA2-37C_Stan-R1-Time32 123433
dBFA2-37C_Stan-R1-Time40 140087
dBFA2-37C_Stan-R2-Time8 1339218
dBFA2-37C_Stan-R2-Time16 683781
dBFA2-37C_Stan-R2-Time24 718118
dBFA2-37C_Stan-R2-Time32 211470
dBFA2-37C_Stan-R2-Time40 286294
dBFA2-37C_Stan-R3-Time8 1377035
dBFA2-37C_Stan-R3-Time16 2120908
dBFA2-37C_Stan-R3-Time24 1181683
dBFA2-37C_Stan-R3-Time32 1452184
dBFA2-37C_Stan-R3-Time40 4454
dBFA2-CLM-R1-Time8 843390
dBFA2-CLM-R1-Time16 340037
dBFA2-CLM-R1-Time24 794195
dBFA2-CLM-R1-Time32 1689872
dBFA2-CLM-R1-Time40 1964611
dBFA2-CLM-R2-Time8 1503299
dBFA2-CLM-R2-Time16 840205
dBFA2-CLM-R2-Time24 32369
dBFA2-CLM-R2-Time32 353943
dBFA2-CLM-R2-Time40 19787
dBFA2-CLM-R3-Time8 1246462
dBFA2-CLM-R3-Time16 917530
dBFA2-CLM-R3-Time24 1419930
dBFA2-CLM-R3-Time32 630393
dBFA2-CLM-R3-Time40 1374
dBFA2-Pre-R14-Time0 244140
not demultiplexed 133372173
Time: 21153.834496498108
