Making directory: /n/holyscratch01/desai_lab/mjohnson/PLT/demult_reads/BFAs/hBFA2_s/
Making directory: /n/holyscratch01/desai_lab/mjohnson/PLT/demult_reads/BFAs/hBFA2_s/read_files/
264071090 total reads
hBFA2-02M_NaCl-R1-Time8 2418871
hBFA2-02M_NaCl-R1-Time16 1124709
hBFA2-02M_NaCl-R1-Time24 1739655
hBFA2-02M_NaCl-R1-Time32 996692
hBFA2-02M_NaCl-R1-Time40 1839906
hBFA2-02M_NaCl-R2-Time8 1134931
hBFA2-02M_NaCl-R2-Time16 668702
hBFA2-02M_NaCl-R2-Time24 383561
hBFA2-02M_NaCl-R2-Time32 1432803
hBFA2-02M_NaCl-R2-Time40 1515381
hBFA2-02M_NaCl-R3-Time8 794262
hBFA2-02M_NaCl-R3-Time16 1309937
hBFA2-02M_NaCl-R3-Time24 1075773
hBFA2-02M_NaCl-R3-Time32 1943881
hBFA2-02M_NaCl-R3-Time40 1571889
hBFA2-08M_NaCl-R1-Time8 330575
hBFA2-08M_NaCl-R1-Time16 526257
hBFA2-08M_NaCl-R1-Time24 357574
hBFA2-08M_NaCl-R1-Time32 322044
hBFA2-08M_NaCl-R1-Time40 1022502
hBFA2-08M_NaCl-R2-Time8 572762
hBFA2-08M_NaCl-R2-Time16 321693
hBFA2-08M_NaCl-R2-Time24 234207
hBFA2-08M_NaCl-R2-Time32 599073
hBFA2-08M_NaCl-R2-Time40 361189
hBFA2-08M_NaCl-R3-Time8 1292230
hBFA2-08M_NaCl-R3-Time16 987919
hBFA2-08M_NaCl-R3-Time24 1911762
hBFA2-08M_NaCl-R3-Time32 1893745
hBFA2-08M_NaCl-R3-Time40 1435175
hBFA2-21C-R1-Time8 934966
hBFA2-21C-R1-Time16 789218
hBFA2-21C-R1-Time24 1795678
hBFA2-21C-R1-Time32 1111972
hBFA2-21C-R1-Time40 1875599
hBFA2-21C-R2-Time8 1320449
hBFA2-21C-R2-Time16 696441
hBFA2-21C-R2-Time24 1171909
hBFA2-21C-R2-Time32 2182963
hBFA2-21C-R2-Time40 2822572
hBFA2-21C-R3-Time8 2951713
hBFA2-21C-R3-Time16 3033450
hBFA2-21C-R3-Time24 2549710
hBFA2-21C-R3-Time32 2784943
hBFA2-21C-R3-Time40 2655296
hBFA2-FLC4-R1-Time8 1729660
hBFA2-FLC4-R1-Time16 1584196
hBFA2-FLC4-R1-Time24 1870896
hBFA2-FLC4-R1-Time32 1226598
hBFA2-FLC4-R1-Time40 1207704
hBFA2-FLC4-R2-Time8 860075
hBFA2-FLC4-R2-Time16 1660699
hBFA2-FLC4-R2-Time24 1502798
hBFA2-FLC4-R2-Time32 2659664
hBFA2-FLC4-R2-Time40 1989974
hBFA2-FLC4-R3-Time8 33865
hBFA2-FLC4-R3-Time16 983409
hBFA2-FLC4-R3-Time24 764321
hBFA2-FLC4-R3-Time32 1637208
hBFA2-FLC4-R3-Time40 1626124
hBFA2-CLM-R1-Time8 549713
hBFA2-CLM-R1-Time16 1239995
hBFA2-CLM-R1-Time24 606233
hBFA2-CLM-R1-Time32 1809512
hBFA2-CLM-R1-Time40 1496138
hBFA2-CLM-R2-Time8 2080966
hBFA2-CLM-R2-Time16 1536852
hBFA2-CLM-R2-Time24 710827
hBFA2-CLM-R2-Time32 1517500
hBFA2-CLM-R2-Time40 1538464
hBFA2-CLM-R3-Time8 1222682
hBFA2-CLM-R3-Time16 1738454
hBFA2-CLM-R3-Time24 1038095
hBFA2-CLM-R3-Time32 1164928
hBFA2-CLM-R3-Time40 2492149
hBFA2-GlyEtOH-R1-Time8 345128
hBFA2-GlyEtOH-R1-Time16 245735
hBFA2-GlyEtOH-R1-Time24 3331106
hBFA2-GlyEtOH-R1-Time32 2582198
hBFA2-GlyEtOH-R1-Time40 2151181
hBFA2-GlyEtOH-R2-Time8 1871279
hBFA2-GlyEtOH-R2-Time16 798496
hBFA2-GlyEtOH-R2-Time24 4089294
hBFA2-GlyEtOH-R2-Time32 2880775
hBFA2-GlyEtOH-R2-Time40 1931776
hBFA2-GlyEtOH-R3-Time8 626286
hBFA2-GlyEtOH-R3-Time16 871834
hBFA2-GlyEtOH-R3-Time24 1251965
hBFA2-GlyEtOH-R3-Time32 1415321
hBFA2-GlyEtOH-R3-Time40 1386177
hBFA2-All-R-0 312966
not demultiplexed 135103335
Time: 27100.355478286743
