Making directory: /n/holyscratch01/desai_lab/mjohnson/PLT/demult_reads/BFAs/dBFA2_s1/
Making directory: /n/holyscratch01/desai_lab/mjohnson/PLT/demult_reads/BFAs/dBFA2_s1/read_files/
229397983 total reads
dBFA2-21C-R1-Time8 5961556
dBFA2-21C-R1-Time16 5167300
dBFA2-21C-R1-Time24 5180701
dBFA2-21C-R1-Time32 4849998
dBFA2-21C-R1-Time40 4136660
dBFA2-21C-R2-Time8 6334683
dBFA2-21C-R2-Time16 5362124
dBFA2-21C-R2-Time24 4756062
dBFA2-21C-R2-Time32 10706957
dBFA2-21C-R2-Time40 7943214
dBFA2-21C-R3-Time8 9220970
dBFA2-21C-R3-Time16 7193595
dBFA2-21C-R3-Time24 7691101
dBFA2-21C-R3-Time32 6922458
dBFA2-21C-R3-Time40 7351506
dBFA2-FLC4-R1-Time8 883297
dBFA2-FLC4-R1-Time16 97112
dBFA2-FLC4-R1-Time24 981258
dBFA2-FLC4-R1-Time32 657540
dBFA2-FLC4-R1-Time40 852799
dBFA2-FLC4-R2-Time8 778620
dBFA2-FLC4-R2-Time16 136922
dBFA2-FLC4-R2-Time24 514897
dBFA2-FLC4-R2-Time32 216919
dBFA2-FLC4-R2-Time40 590304
dBFA2-FLC4-R3-Time8 415364
dBFA2-FLC4-R3-Time16 800746
dBFA2-FLC4-R3-Time24 569926
dBFA2-FLC4-R3-Time32 601299
dBFA2-FLC4-R3-Time40 411191
dBFA2-GlyEtOH-R1-Time8 2994490
dBFA2-GlyEtOH-R1-Time16 2443847
dBFA2-GlyEtOH-R1-Time24 3536907
dBFA2-GlyEtOH-R1-Time32 3781980
dBFA2-GlyEtOH-R1-Time40 2467115
dBFA2-GlyEtOH-R2-Time8 1291604
dBFA2-GlyEtOH-R2-Time16 2897881
dBFA2-GlyEtOH-R2-Time24 3049221
dBFA2-GlyEtOH-R2-Time32 868272
dBFA2-GlyEtOH-R2-Time40 1462898
dBFA2-GlyEtOH-R3-Time8 4126434
dBFA2-GlyEtOH-R3-Time16 4616904
dBFA2-GlyEtOH-R3-Time24 2552482
dBFA2-GlyEtOH-R3-Time32 3532630
dBFA2-GlyEtOH-R3-Time40 230370
dBFA2-Pre-R0-Time0 1343561
not demultiplexed 80914308
Time: 31240.94594359398
