Making directory: /n/holyscratch01/desai_lab/mjohnson/PLT/demult_reads/BFAs/dBFA2_h1/
Making directory: /n/holyscratch01/desai_lab/mjohnson/PLT/demult_reads/BFAs/dBFA2_h1/read_files/
538954123 total reads
dBFA2-37C-R1-Time8 4484291
dBFA2-37C-R1-Time16 3191406
dBFA2-37C-R1-Time24 4759144
dBFA2-37C-R1-Time32 4622181
dBFA2-37C-R1-Time40 4160099
dBFA2-37C-R2-Time8 5258850
dBFA2-37C-R2-Time16 4372299
dBFA2-37C-R2-Time24 3532044
dBFA2-37C-R2-Time32 3383994
dBFA2-37C-R2-Time40 4663371
dBFA2-37C-R3-Time8 5103040
dBFA2-37C-R3-Time16 4925409
dBFA2-37C-R3-Time24 4394225
dBFA2-37C-R3-Time32 1387658
dBFA2-37C-R3-Time40 3885235
dBFA2-SC-R1-Time8 3945137
dBFA2-SC-R1-Time24 4105078
dBFA2-SC-R1-Time32 3986484
dBFA2-SC-R1-Time40 4638596
dBFA2-SC-R2-Time8 4290202
dBFA2-SC-R2-Time16 5312502
dBFA2-SC-R2-Time24 4901112
dBFA2-SC-R2-Time32 3642190
dBFA2-SC-R2-Time40 44164
dBFA2-SC-R3-Time8 4046662
dBFA2-SC-R3-Time16 4984208
dBFA2-SC-R3-Time24 4563404
dBFA2-SC-R3-Time32 3563699
dBFA2-SC-R3-Time40 4946578
dBFA2-T0_Pool-NA-Time0 30166
dBFA2-YPD-R1-Time8 5689303
dBFA2-YPD-R1-Time16 4125057
dBFA2-YPD-R1-Time24 4577677
dBFA2-YPD-R1-Time32 6770814
dBFA2-YPD-R2-Time8 5259679
dBFA2-YPD-R2-Time16 5447511
dBFA2-YPD-R2-Time24 3978150
dBFA2-YPD-R2-Time32 5513876
dBFA2-YPD-R2-Time40 4721713
dBFA2-YPD-R3-Time8 5911880
dBFA2-YPD-R3-Time16 3572863
dBFA2-YPD-R3-Time24 3362090
dBFA2-YPD-R3-Time32 6137399
dBFA2-YPD-R3-Time40 4510565
dBFA2-pH3_8-R1-Time8 3729990
dBFA2-pH3_8-R1-Time16 3642384
dBFA2-pH3_8-R1-Time24 4612237
dBFA2-pH3_8-R1-Time40 1854714
dBFA2-pH3_8-R2-Time8 3880325
dBFA2-pH3_8-R2-Time16 2065369
dBFA2-pH3_8-R2-Time24 42494
dBFA2-pH3_8-R3-Time8 4004994
dBFA2-pH3_8-R3-Time16 4045766
dBFA2-pH3_8-R3-Time24 4369475
dBFA2-pH3_8-R3-Time32 4550896
dBFA2-pH3_8-R3-Time40 4864967
dBFA2-pH7_3-R1-Time8 4177216
dBFA2-pH7_3-R1-Time16 4948676
dBFA2-pH7_3-R1-Time24 4790927
dBFA2-pH7_3-R1-Time32 5501740
dBFA2-pH7_3-R1-Time40 4687527
dBFA2-pH7_3-R2-Time8 4247205
dBFA2-pH7_3-R2-Time16 525591
dBFA2-pH7_3-R2-Time24 7283116
dBFA2-pH7_3-R2-Time32 3833367
dBFA2-pH7_3-R2-Time40 5724262
dBFA2-pH7_3-R3-Time8 4638635
dBFA2-pH7_3-R3-Time16 3316887
dBFA2-pH7_3-R3-Time24 5671420
dBFA2-pH7_3-R3-Time32 4785348
dBFA2-pH7_3-R3-Time40 5679497
Subpool_YPD_2N_R1 499921
Subpool_YPD_2N_R2 80914
Subpool_SC_2N_R1 467432
Subpool_SC_2N_R2 485947
Subpool_48Hr_2N_R1 432852
Subpool_48Hr_2N_R2 207955
Subpool_37C_2N_R1 379961
Subpool_37C_2N_R2 411221
Subpool_pH3_8_2N_R1 635911
Subpool_pH3_8_2N_R2 538770
Subpool_pH7_3_2N_R1 364403
Subpool_pH7_3_2N_R2 341272
Subpool_FLC4_2N_R2 378350
Subpool_CLM_2N_R1 389577
Subpool_CLM_2N_R2 394017
Subpool_GlyEtOH_2N_R1 454909
Subpool_GlyEtOH_2N_R2 514432
Subpool_21C_2N_R2 385959
Subpool_02M_NaCl_2N_R2 545058
Ancestor_YPD_2N_R1_1 351221
Ancestor_YPD_2N_R1_2 342959
not demultiplexed 230174052
Time: 74535.32666921616
