Making directory: /n/holyscratch01/desai_lab/mjohnson/PLT/demult_reads/BFAs/hBFA1_h2/
Making directory: /n/holyscratch01/desai_lab/mjohnson/PLT/demult_reads/BFAs/hBFA1_h2/read_files/
55720098 total reads
hBFA1-FLC4-R2-Time8 848656
hBFA1-FLC4-R2-Time16 369957
hBFA1-FLC4-R2-Time24 470457
hBFA1-FLC4-R2-Time40 519851
hBFA1-GlyEtOH-R1-Time8 1691731
hBFA1-GlyEtOH-R1-Time16 1609643
hBFA1-GlyEtOH-R1-Time24 1208471
hBFA1-GlyEtOH-R1-Time40 2537626
hBFA1-GlyEtOH-R2-Time8 2295863
hBFA1-GlyEtOH-R2-Time16 3454270
hBFA1-GlyEtOH-R2-Time24 3022818
hBFA1-GlyEtOH-R2-Time40 2385418
hBFA1-48Hr-R1-Time8 1512953
hBFA1-48Hr-R1-Time16 2209581
hBFA1-48Hr-R1-Time24 2030909
hBFA1-48Hr-R1-Time40 2816388
hBFA1-48Hr-R2-Time8 2682048
hBFA1-48Hr-R2-Time16 2272961
hBFA1-48Hr-R2-Time24 2334328
hBFA1-48Hr-R2-Time40 2141130
not demultiplexed 17305039
Time: 5825.045385360718
