Making directory: /n/holyscratch01/desai_lab/mjohnson/PLT/demult_reads/BFAs/hBFA2_dBFA2_h2/
Making directory: /n/holyscratch01/desai_lab/mjohnson/PLT/demult_reads/BFAs/hBFA2_dBFA2_h2/read_files/
428493296 total reads
dBFA2-37C-R1-Time16 7589438
dBFA2-37C-R3-Time32 3171130
dBFA2-48Hr-R1-Time8 72321
dBFA2-48Hr-R3-Time32 842682
dBFA2-SC-R1-Time16 2699022
dBFA2-SC-R2-Time40 2958528
dBFA2-YPD-R1-Time40 5171029
dBFA2-pH3_8-R1-Time32 3238142
dBFA2-pH3_8-R2-Time16 4307483
dBFA2-pH3_8-R2-Time24 4919019
dBFA2-pH3_8-R2-Time32 3678605
dBFA2-pH3_8-R2-Time40 3323286
dBFA2-pH7_3-R2-Time16 4581736
hBFA2-37C-R1-Time8 2643436
hBFA2-37C-R2-Time8 815547
hBFA2-37C-R2-Time16 3952251
hBFA2-37C-R2-Time24 3800136
hBFA2-37C-R2-Time32 4089160
hBFA2-37C-R2-Time40 1316528
hBFA2-37C-R3-Time8 3952725
hBFA2-37C-R3-Time16 1484104
hBFA2-37C-R3-Time24 4940008
hBFA2-37C-R3-Time32 5787725
hBFA2-37C-R3-Time40 3792423
hBFA2-48Hr-R1-Time16 2441016
hBFA2-48Hr-R1-Time24 1777271
hBFA2-48Hr-R1-Time40 1968256
hBFA2-48Hr-R2-Time16 3009784
hBFA2-48Hr-R2-Time32 4991581
hBFA2-48Hr-R2-Time40 3786325
hBFA2-SC-R1-Time8 3448031
hBFA2-SC-R1-Time32 4565945
hBFA2-SC-R2-Time8 4821468
hBFA2-SC-R2-Time16 4353171
hBFA2-SC-R2-Time24 2226884
hBFA2-SC-R2-Time32 4636148
hBFA2-SC-R2-Time40 3502818
hBFA2-SC-R3-Time8 4504071
hBFA2-SC-R3-Time16 2154532
hBFA2-SC-R3-Time24 5005083
hBFA2-SC-R3-Time32 4183710
hBFA2-SC-R3-Time40 3241320
hBFA2-YPD-R3-Time8 2592560
hBFA2-YPD-R3-Time16 4108150
hBFA2-YPD-R3-Time24 2782880
hBFA2-YPD-R3-Time32 4104974
hBFA2-YPD-R3-Time40 4288284
hBFA2-pH3_8-R1-Time16 6891297
hBFA2-pH3_8-R1-Time32 5074713
hBFA2-pH3_8-R2-Time8 2802190
hBFA2-pH3_8-R2-Time16 5416860
hBFA2-pH3_8-R2-Time24 3764604
hBFA2-pH3_8-R2-Time32 4411283
hBFA2-pH3_8-R2-Time40 4555783
hBFA2-pH3_8-R3-Time8 3642273
hBFA2-pH3_8-R3-Time16 4479980
hBFA2-pH3_8-R3-Time24 928422
hBFA2-pH3_8-R3-Time32 1340695
hBFA2-pH3_8-R3-Time40 3723766
hBFA2-pH7_3-R3-Time8 3148459
hBFA2-pH7_3-R3-Time16 4883601
hBFA2-pH7_3-R3-Time24 148022
hBFA2-pH7_3-R3-Time32 3767804
hBFA2-pH7_3-R3-Time40 4346564
not demultiplexed 199546254
Time: 59788.59369277954
