Making directory: /n/holyscratch01/desai_lab/mjohnson/PLT/demult_reads/BFAs/hBFA1_h1/
Making directory: /n/holyscratch01/desai_lab/mjohnson/PLT/demult_reads/BFAs/hBFA1_h1/read_files/
92556430 total reads
hBFA1-YPD-R1-Time8 1367175
hBFA1-YPD-R1-Time16 1946988
hBFA1-YPD-R1-Time24 3503417
hBFA1-YPD-R1-Time40 1897161
hBFA1-YPD-R2-Time8 1760424
hBFA1-YPD-R2-Time16 2054248
hBFA1-YPD-R2-Time24 1909069
hBFA1-YPD-R2-Time40 2073273
hBFA1-SC-R1-Time8 1961999
hBFA1-SC-R1-Time16 1740581
hBFA1-SC-R1-Time24 1777916
hBFA1-SC-R1-Time40 1732360
hBFA1-SC-R2-Time8 2005143
hBFA1-SC-R2-Time16 1970545
hBFA1-SC-R2-Time24 1943562
hBFA1-SC-R2-Time40 1869120
hBFA1-pH7_3-R1-Time8 2600085
hBFA1-pH7_3-R1-Time16 2329723
hBFA1-pH7_3-R1-Time24 2660459
hBFA1-pH7_3-R1-Time40 3159627
hBFA1-pH7_3-R2-Time8 2867504
hBFA1-pH7_3-R2-Time16 2797282
hBFA1-pH7_3-R2-Time24 2701269
hBFA1-pH7_3-R2-Time40 2908355
hBFA1-37C-R1-Time8 1935852
hBFA1-37C-R1-Time16 2099401
hBFA1-37C-R1-Time24 2166101
hBFA1-37C-R1-Time40 2774250
hBFA1-37C-R2-Time8 2527830
hBFA1-37C-R2-Time16 2479506
hBFA1-37C-R2-Time24 2077657
hBFA1-37C-R2-Time40 2268178
hBFA1-pH3_8-R1-Time8 2113687
hBFA1-pH3_8-R1-Time16 2307010
hBFA1-pH3_8-R1-Time24 2653059
hBFA1-pH3_8-R1-Time40 2404806
hBFA1-pH3_8-R2-Time8 2226237
hBFA1-pH3_8-R2-Time16 2576130
hBFA1-pH3_8-R2-Time24 3057914
hBFA1-pH3_8-R2-Time40 3231610
hBFA1-21C-R1-Time8 1986306
hBFA1-21C-R1-Time16 2230388
hBFA1-21C-R1-Time24 2138469
hBFA1-21C-R1-Time40 2177489
hBFA1-21C-R2-Time8 2187567
hBFA1-21C-R2-Time16 2216026
hBFA1-21C-R2-Time24 2088627
hBFA1-21C-R2-Time40 2535747
hBFA1-POOL 18819274
not demultiplexed 54420007
Time: 14119.417068243027
