Making directory: /n/holyscratch01/desai_lab/mjohnson/PLT/demult_reads/BFAs/hBFA2_h1/
Making directory: /n/holyscratch01/desai_lab/mjohnson/PLT/demult_reads/BFAs/hBFA2_h1/read_files/
85295425 total reads
hBFA2-YPD-R1-Time8 3199178
hBFA2-YPD-R1-Time16 2798562
hBFA2-YPD-R1-Time24 3722935
hBFA2-YPD-R1-Time32 3053626
hBFA2-YPD-R1-Time40 2796540
hBFA2-YPD-R2-Time8 2054445
hBFA2-YPD-R2-Time16 1160620
hBFA2-YPD-R2-Time24 1431101
hBFA2-YPD-R2-Time32 3023200
hBFA2-YPD-R2-Time40 2814462
hBFA2-pH7_3-R1-Time8 2034346
hBFA2-pH7_3-R1-Time16 1751676
hBFA2-pH7_3-R1-Time24 1592978
hBFA2-pH7_3-R1-Time32 2000083
hBFA2-pH7_3-R1-Time40 2163255
hBFA2-pH7_3-R2-Time8 2674524
hBFA2-pH7_3-R2-Time16 607232
hBFA2-pH7_3-R2-Time24 3828174
hBFA2-pH7_3-R2-Time32 3139385
hBFA2-pH7_3-R2-Time40 2790753
hBFA2-37C-R1-Time16 1834280
hBFA2-37C-R1-Time24 1963918
hBFA2-37C-R1-Time32 2314146
hBFA2-37C-R1-Time40 1923388
hBFA2-SC-R1-Time16 1489667
hBFA2-SC-R1-Time24 132448
hBFA2-SC-R1-Time40 18625
hBFA2-pH3_8-R1-Time8 1042450
hBFA2-pH3_8-R1-Time24 2151233
hBFA2-pH3_8-R1-Time40 1544873
not demultiplexed 22243322
Time: 16543.899193286896
